This is pdfTeX, Version 3.141592653-2.6-1.40.26 (TeX Live 2024) (preloaded format=pdflatex 2025.2.18)  13 APR 2025 23:06
entering extended mode
 restricted \write18 enabled.
 file:line:error style messages enabled.
 %&-line parsing enabled.
**informe.tex
(./informe.tex
LaTeX2e <2023-11-01> patch level 1
L3 programming layer <2024-02-20>
(/usr/local/texlive/2024/texmf-dist/tex/latex/base/article.cls
Document Class: article 2023/05/17 v1.4n Standard LaTeX document class
(/usr/local/texlive/2024/texmf-dist/tex/latex/base/size10.clo
File: size10.clo 2023/05/17 v1.4n Standard LaTeX file (size option)
)
\c@part=\count188
\c@section=\count189
\c@subsection=\count190
\c@subsubsection=\count191
\c@paragraph=\count192
\c@subparagraph=\count193
\c@figure=\count194
\c@table=\count195
\abovecaptionskip=\skip48
\belowcaptionskip=\skip49
\bibindent=\dimen140
) (/usr/local/texlive/2024/texmf-dist/tex/latex/base/inputenc.sty
Package: inputenc 2021/02/14 v1.3d Input encoding file
\inpenc@prehook=\toks17
\inpenc@posthook=\toks18
) (/usr/local/texlive/2024/texmf-dist/tex/latex/geometry/geometry.sty
Package: geometry 2020/01/02 v5.9 Page Geometry
 (/usr/local/texlive/2024/texmf-dist/tex/latex/graphics/keyval.sty
Package: keyval 2022/05/29 v1.15 key=value parser (DPC)
\KV@toks@=\toks19
) (/usr/local/texlive/2024/texmf-dist/tex/generic/iftex/ifvtex.sty
Package: ifvtex 2019/10/25 v1.7 ifvtex legacy package. Use iftex instead.
 (/usr/local/texlive/2024/texmf-dist/tex/generic/iftex/iftex.sty
Package: iftex 2022/02/03 v1.0f TeX engine tests
))
\Gm@cnth=\count196
\Gm@cntv=\count197
\c@Gm@tempcnt=\count198
\Gm@bindingoffset=\dimen141
\Gm@wd@mp=\dimen142
\Gm@odd@mp=\dimen143
\Gm@even@mp=\dimen144
\Gm@layoutwidth=\dimen145
\Gm@layoutheight=\dimen146
\Gm@layouthoffset=\dimen147
\Gm@layoutvoffset=\dimen148
\Gm@dimlist=\toks20
) (/usr/local/texlive/2024/texmf-dist/tex/latex/booktabs/booktabs.sty
Package: booktabs 2020/01/12 v1.61803398 Publication quality tables
\heavyrulewidth=\dimen149
\lightrulewidth=\dimen150
\cmidrulewidth=\dimen151
\belowrulesep=\dimen152
\belowbottomsep=\dimen153
\aboverulesep=\dimen154
\abovetopsep=\dimen155
\cmidrulesep=\dimen156
\cmidrulekern=\dimen157
\defaultaddspace=\dimen158
\@cmidla=\count199
\@cmidlb=\count266
\@aboverulesep=\dimen159
\@belowrulesep=\dimen160
\@thisruleclass=\count267
\@lastruleclass=\count268
\@thisrulewidth=\dimen161
) (/usr/local/texlive/2024/texmf-dist/tex/latex/graphics/graphicx.sty
Package: graphicx 2021/09/16 v1.2d Enhanced LaTeX Graphics (DPC,SPQR)
 (/usr/local/texlive/2024/texmf-dist/tex/latex/graphics/graphics.sty
Package: graphics 2022/03/10 v1.4e Standard LaTeX Graphics (DPC,SPQR)
 (/usr/local/texlive/2024/texmf-dist/tex/latex/graphics/trig.sty
Package: trig 2021/08/11 v1.11 sin cos tan (DPC)
) (/usr/local/texlive/2024/texmf-dist/tex/latex/graphics-cfg/graphics.cfg
File: graphics.cfg 2016/06/04 v1.11 sample graphics configuration
)
Package graphics Info: Driver file: pdftex.def on input line 107.
 (/usr/local/texlive/2024/texmf-dist/tex/latex/graphics-def/pdftex.def
File: pdftex.def 2022/09/22 v1.2b Graphics/color driver for pdftex
))
\Gin@req@height=\dimen162
\Gin@req@width=\dimen163
) (/usr/local/texlive/2024/texmf-dist/tex/latex/hyperref/hyperref.sty
Package: hyperref 2024-01-20 v7.01h Hypertext links for LaTeX
 (/usr/local/texlive/2024/texmf-dist/tex/latex/kvsetkeys/kvsetkeys.sty
Package: kvsetkeys 2022-10-05 v1.19 Key value parser (HO)
) (/usr/local/texlive/2024/texmf-dist/tex/generic/kvdefinekeys/kvdefinekeys.sty
Package: kvdefinekeys 2019-12-19 v1.6 Define keys (HO)
) (/usr/local/texlive/2024/texmf-dist/tex/generic/pdfescape/pdfescape.sty
Package: pdfescape 2019/12/09 v1.15 Implements pdfTeX's escape features (HO)
 (/usr/local/texlive/2024/texmf-dist/tex/generic/ltxcmds/ltxcmds.sty
Package: ltxcmds 2023-12-04 v1.26 LaTeX kernel commands for general use (HO)
) (/usr/local/texlive/2024/texmf-dist/tex/generic/pdftexcmds/pdftexcmds.sty
Package: pdftexcmds 2020-06-27 v0.33 Utility functions of pdfTeX for LuaTeX (HO)
 (/usr/local/texlive/2024/texmf-dist/tex/generic/infwarerr/infwarerr.sty
Package: infwarerr 2019/12/03 v1.5 Providing info/warning/error messages (HO)
)
Package pdftexcmds Info: \pdf@primitive is available.
Package pdftexcmds Info: \pdf@ifprimitive is available.
Package pdftexcmds Info: \pdfdraftmode found.
)) (/usr/local/texlive/2024/texmf-dist/tex/latex/hycolor/hycolor.sty
Package: hycolor 2020-01-27 v1.10 Color options for hyperref/bookmark (HO)
) (/usr/local/texlive/2024/texmf-dist/tex/latex/auxhook/auxhook.sty
Package: auxhook 2019-12-17 v1.6 Hooks for auxiliary files (HO)
) (/usr/local/texlive/2024/texmf-dist/tex/latex/hyperref/nameref.sty
Package: nameref 2023-11-26 v2.56 Cross-referencing by name of section
 (/usr/local/texlive/2024/texmf-dist/tex/latex/refcount/refcount.sty
Package: refcount 2019/12/15 v3.6 Data extraction from label references (HO)
) (/usr/local/texlive/2024/texmf-dist/tex/generic/gettitlestring/gettitlestring.sty
Package: gettitlestring 2019/12/15 v1.6 Cleanup title references (HO)
 (/usr/local/texlive/2024/texmf-dist/tex/latex/kvoptions/kvoptions.sty
Package: kvoptions 2022-06-15 v3.15 Key value format for package options (HO)
))
\c@section@level=\count269
) (/usr/local/texlive/2024/texmf-dist/tex/latex/etoolbox/etoolbox.sty
Package: etoolbox 2020/10/05 v2.5k e-TeX tools for LaTeX (JAW)
\etb@tempcnta=\count270
)
\@linkdim=\dimen164
\Hy@linkcounter=\count271
\Hy@pagecounter=\count272
 (/usr/local/texlive/2024/texmf-dist/tex/latex/hyperref/pd1enc.def
File: pd1enc.def 2024-01-20 v7.01h Hyperref: PDFDocEncoding definition (HO)
Now handling font encoding PD1 ...
... no UTF-8 mapping file for font encoding PD1
) (/usr/local/texlive/2024/texmf-dist/tex/generic/intcalc/intcalc.sty
Package: intcalc 2019/12/15 v1.3 Expandable calculations with integers (HO)
)
\Hy@SavedSpaceFactor=\count273

(/usr/local/texlive/2024/texmf-dist/tex/latex/hyperref/puenc.def
File: puenc.def 2024-01-20 v7.01h Hyperref: PDF Unicode definition (HO)
Now handling font encoding PU ...
... no UTF-8 mapping file for font encoding PU
)
Package hyperref Info: Hyper figures OFF on input line 4179.
Package hyperref Info: Link nesting OFF on input line 4184.
Package hyperref Info: Hyper index ON on input line 4187.
Package hyperref Info: Plain pages OFF on input line 4194.
Package hyperref Info: Backreferencing OFF on input line 4199.
Package hyperref Info: Implicit mode ON; LaTeX internals redefined.
Package hyperref Info: Bookmarks ON on input line 4446.
\c@Hy@tempcnt=\count274
 (/usr/local/texlive/2024/texmf-dist/tex/latex/url/url.sty
\Urlmuskip=\muskip16
Package: url 2013/09/16  ver 3.4  Verb mode for urls, etc.
)
LaTeX Info: Redefining \url on input line 4784.
\XeTeXLinkMargin=\dimen165
 (/usr/local/texlive/2024/texmf-dist/tex/generic/bitset/bitset.sty
Package: bitset 2019/12/09 v1.3 Handle bit-vector datatype (HO)
 (/usr/local/texlive/2024/texmf-dist/tex/generic/bigintcalc/bigintcalc.sty
Package: bigintcalc 2019/12/15 v1.5 Expandable calculations on big integers (HO)
))
\Fld@menulength=\count275
\Field@Width=\dimen166
\Fld@charsize=\dimen167
Package hyperref Info: Hyper figures OFF on input line 6063.
Package hyperref Info: Link nesting OFF on input line 6068.
Package hyperref Info: Hyper index ON on input line 6071.
Package hyperref Info: backreferencing OFF on input line 6078.
Package hyperref Info: Link coloring OFF on input line 6083.
Package hyperref Info: Link coloring with OCG OFF on input line 6088.
Package hyperref Info: PDF/A mode OFF on input line 6093.
 (/usr/local/texlive/2024/texmf-dist/tex/latex/base/atbegshi-ltx.sty
Package: atbegshi-ltx 2021/01/10 v1.0c Emulation of the original atbegshi
package with kernel methods
)
\Hy@abspage=\count276
\c@Item=\count277
\c@Hfootnote=\count278
)
Package hyperref Info: Driver (autodetected): hpdftex.
 (/usr/local/texlive/2024/texmf-dist/tex/latex/hyperref/hpdftex.def
File: hpdftex.def 2024-01-20 v7.01h Hyperref driver for pdfTeX
 (/usr/local/texlive/2024/texmf-dist/tex/latex/base/atveryend-ltx.sty
Package: atveryend-ltx 2020/08/19 v1.0a Emulation of the original atveryend package
with kernel methods
)
\Fld@listcount=\count279
\c@bookmark@seq@number=\count280
 (/usr/local/texlive/2024/texmf-dist/tex/latex/rerunfilecheck/rerunfilecheck.sty
Package: rerunfilecheck 2022-07-10 v1.10 Rerun checks for auxiliary files (HO)
 (/usr/local/texlive/2024/texmf-dist/tex/generic/uniquecounter/uniquecounter.sty
Package: uniquecounter 2019/12/15 v1.4 Provide unlimited unique counter (HO)
)
Package uniquecounter Info: New unique counter `rerunfilecheck' on input line 285.
)
\Hy@SectionHShift=\skip50
) (/usr/local/texlive/2024/texmf-dist/tex/latex/wrapfig/wrapfig.sty
\wrapoverhang=\dimen168
\WF@size=\dimen169
\c@WF@wrappedlines=\count281
\WF@box=\box51
\WF@everypar=\toks21
Package: wrapfig 2003/01/31  v 3.6
) (/usr/local/texlive/2024/texmf-dist/tex/latex/float/float.sty
Package: float 2001/11/08 v1.3d Float enhancements (AL)
\c@float@type=\count282
\float@exts=\toks22
\float@box=\box52
\@float@everytoks=\toks23
\@floatcapt=\box53
) (/usr/local/texlive/2024/texmf-dist/tex/latex/amsmath/amsmath.sty
Package: amsmath 2023/05/13 v2.17o AMS math features
\@mathmargin=\skip51

For additional information on amsmath, use the `?' option.
(/usr/local/texlive/2024/texmf-dist/tex/latex/amsmath/amstext.sty
Package: amstext 2021/08/26 v2.01 AMS text
 (/usr/local/texlive/2024/texmf-dist/tex/latex/amsmath/amsgen.sty
File: amsgen.sty 1999/11/30 v2.0 generic functions
\@emptytoks=\toks24
\ex@=\dimen170
)) (/usr/local/texlive/2024/texmf-dist/tex/latex/amsmath/amsbsy.sty
Package: amsbsy 1999/11/29 v1.2d Bold Symbols
\pmbraise@=\dimen171
) (/usr/local/texlive/2024/texmf-dist/tex/latex/amsmath/amsopn.sty
Package: amsopn 2022/04/08 v2.04 operator names
)
\inf@bad=\count283
LaTeX Info: Redefining \frac on input line 234.
\uproot@=\count284
\leftroot@=\count285
LaTeX Info: Redefining \overline on input line 399.
LaTeX Info: Redefining \colon on input line 410.
\classnum@=\count286
\DOTSCASE@=\count287
LaTeX Info: Redefining \ldots on input line 496.
LaTeX Info: Redefining \dots on input line 499.
LaTeX Info: Redefining \cdots on input line 620.
\Mathstrutbox@=\box54
\strutbox@=\box55
LaTeX Info: Redefining \big on input line 722.
LaTeX Info: Redefining \Big on input line 723.
LaTeX Info: Redefining \bigg on input line 724.
LaTeX Info: Redefining \Bigg on input line 725.
\big@size=\dimen172
LaTeX Font Info:    Redeclaring font encoding OML on input line 743.
LaTeX Font Info:    Redeclaring font encoding OMS on input line 744.
\macc@depth=\count288
LaTeX Info: Redefining \bmod on input line 905.
LaTeX Info: Redefining \pmod on input line 910.
LaTeX Info: Redefining \smash on input line 940.
LaTeX Info: Redefining \relbar on input line 970.
LaTeX Info: Redefining \Relbar on input line 971.
\c@MaxMatrixCols=\count289
\dotsspace@=\muskip17
\c@parentequation=\count290
\dspbrk@lvl=\count291
\tag@help=\toks25
\row@=\count292
\column@=\count293
\maxfields@=\count294
\andhelp@=\toks26
\eqnshift@=\dimen173
\alignsep@=\dimen174
\tagshift@=\dimen175
\tagwidth@=\dimen176
\totwidth@=\dimen177
\lineht@=\dimen178
\@envbody=\toks27
\multlinegap=\skip52
\multlinetaggap=\skip53
\mathdisplay@stack=\toks28
LaTeX Info: Redefining \[ on input line 2953.
LaTeX Info: Redefining \] on input line 2954.
) (/usr/local/texlive/2024/texmf-dist/tex/latex/amsfonts/amssymb.sty
Package: amssymb 2013/01/14 v3.01 AMS font symbols
 (/usr/local/texlive/2024/texmf-dist/tex/latex/amsfonts/amsfonts.sty
Package: amsfonts 2013/01/14 v3.01 Basic AMSFonts support
\symAMSa=\mathgroup4
\symAMSb=\mathgroup5
LaTeX Font Info:    Redeclaring math symbol \hbar on input line 98.
LaTeX Font Info:    Overwriting math alphabet `\mathfrak' in version `bold'
(Font)                  U/euf/m/n --> U/euf/b/n on input line 106.
)) (/usr/local/texlive/2024/texmf-dist/tex/generic/babel/babel.sty
Package: babel 2024/02/07 v24.2 The Babel package
\babel@savecnt=\count295
\U@D=\dimen179
\l@unhyphenated=\language89
 (/usr/local/texlive/2024/texmf-dist/tex/generic/babel/txtbabel.def)
\bbl@readstream=\read2
\bbl@dirlevel=\count296
 (/usr/local/texlive/2024/texmf-dist/tex/generic/babel-galician/galician.ldf
Language: galician.ldf 2008/07/06 v4.3c Galician support from the babel system
\gl@quottoks=\toks29
\gl@quotdepth=\count297
Package babel Info: Making . an active character on input line 533.
Package babel Info: Making " an active character on input line 564.
Package babel Info: Making < an active character on input line 656.
Package babel Info: Making > an active character on input line 657.
)) (/usr/local/texlive/2024/texmf-dist/tex/generic/babel/locale/gl/babel-galician.tex
Package babel Info: Importing font and identification data for galician
(babel)             from babel-gl.ini. Reported on input line 11.
) (/usr/local/texlive/2024/texmf-dist/tex/latex/tcolorbox/tcolorbox.sty
Package: tcolorbox 2024/01/10 version 6.2.0 text color boxes
 (/usr/local/texlive/2024/texmf-dist/tex/latex/pgf/basiclayer/pgf.sty (/usr/local/texlive/2024/texmf-dist/tex/latex/pgf/utilities/pgfrcs.sty (/usr/local/texlive/2024/texmf-dist/tex/generic/pgf/utilities/pgfutil-common.tex
\pgfutil@everybye=\toks30
\pgfutil@tempdima=\dimen180
\pgfutil@tempdimb=\dimen181
) (/usr/local/texlive/2024/texmf-dist/tex/generic/pgf/utilities/pgfutil-latex.def
\pgfutil@abb=\box56
) (/usr/local/texlive/2024/texmf-dist/tex/generic/pgf/utilities/pgfrcs.code.tex (/usr/local/texlive/2024/texmf-dist/tex/generic/pgf/pgf.revision.tex)
Package: pgfrcs 2023-01-15 v3.1.10 (3.1.10)
))
Package: pgf 2023-01-15 v3.1.10 (3.1.10)
 (/usr/local/texlive/2024/texmf-dist/tex/latex/pgf/basiclayer/pgfcore.sty (/usr/local/texlive/2024/texmf-dist/tex/latex/pgf/systemlayer/pgfsys.sty (/usr/local/texlive/2024/texmf-dist/tex/generic/pgf/systemlayer/pgfsys.code.tex
Package: pgfsys 2023-01-15 v3.1.10 (3.1.10)
 (/usr/local/texlive/2024/texmf-dist/tex/generic/pgf/utilities/pgfkeys.code.tex
\pgfkeys@pathtoks=\toks31
\pgfkeys@temptoks=\toks32
 (/usr/local/texlive/2024/texmf-dist/tex/generic/pgf/utilities/pgfkeyslibraryfiltered.code.tex
\pgfkeys@tmptoks=\toks33
))
\pgf@x=\dimen182
\pgf@y=\dimen183
\pgf@xa=\dimen184
\pgf@ya=\dimen185
\pgf@xb=\dimen186
\pgf@yb=\dimen187
\pgf@xc=\dimen188
\pgf@yc=\dimen189
\pgf@xd=\dimen190
\pgf@yd=\dimen191
\w@pgf@writea=\write3
\r@pgf@reada=\read3
\c@pgf@counta=\count298
\c@pgf@countb=\count299
\c@pgf@countc=\count300
\c@pgf@countd=\count301
\t@pgf@toka=\toks34
\t@pgf@tokb=\toks35
\t@pgf@tokc=\toks36
\pgf@sys@id@count=\count302
 (/usr/local/texlive/2024/texmf-dist/tex/generic/pgf/systemlayer/pgf.cfg
File: pgf.cfg 2023-01-15 v3.1.10 (3.1.10)
)
Driver file for pgf: pgfsys-pdftex.def
 (/usr/local/texlive/2024/texmf-dist/tex/generic/pgf/systemlayer/pgfsys-pdftex.def
File: pgfsys-pdftex.def 2023-01-15 v3.1.10 (3.1.10)
 (/usr/local/texlive/2024/texmf-dist/tex/generic/pgf/systemlayer/pgfsys-common-pdf.def
File: pgfsys-common-pdf.def 2023-01-15 v3.1.10 (3.1.10)
))) (/usr/local/texlive/2024/texmf-dist/tex/generic/pgf/systemlayer/pgfsyssoftpath.code.tex
File: pgfsyssoftpath.code.tex 2023-01-15 v3.1.10 (3.1.10)
\pgfsyssoftpath@smallbuffer@items=\count303
\pgfsyssoftpath@bigbuffer@items=\count304
)
(/usr/local/texlive/2024/texmf-dist/tex/generic/pgf/systemlayer/pgfsysprotocol.code.tex
File: pgfsysprotocol.code.tex 2023-01-15 v3.1.10 (3.1.10)
)) (/usr/local/texlive/2024/texmf-dist/tex/latex/xcolor/xcolor.sty
Package: xcolor 2023/11/15 v3.01 LaTeX color extensions (UK)
 (/usr/local/texlive/2024/texmf-dist/tex/latex/graphics-cfg/color.cfg
File: color.cfg 2016/01/02 v1.6 sample color configuration
)
Package xcolor Info: Driver file: pdftex.def on input line 274.
 (/usr/local/texlive/2024/texmf-dist/tex/latex/graphics/mathcolor.ltx)
Package xcolor Info: Model `cmy' substituted by `cmy0' on input line 1350.
Package xcolor Info: Model `hsb' substituted by `rgb' on input line 1354.
Package xcolor Info: Model `RGB' extended on input line 1366.
Package xcolor Info: Model `HTML' substituted by `rgb' on input line 1368.
Package xcolor Info: Model `Hsb' substituted by `hsb' on input line 1369.
Package xcolor Info: Model `tHsb' substituted by `hsb' on input line 1370.
Package xcolor Info: Model `HSB' substituted by `hsb' on input line 1371.
Package xcolor Info: Model `Gray' substituted by `gray' on input line 1372.
Package xcolor Info: Model `wave' substituted by `hsb' on input line 1373.
) (/usr/local/texlive/2024/texmf-dist/tex/generic/pgf/basiclayer/pgfcore.code.tex
Package: pgfcore 2023-01-15 v3.1.10 (3.1.10)
 (/usr/local/texlive/2024/texmf-dist/tex/generic/pgf/math/pgfmath.code.tex (/usr/local/texlive/2024/texmf-dist/tex/generic/pgf/math/pgfmathutil.code.tex) (/usr/local/texlive/2024/texmf-dist/tex/generic/pgf/math/pgfmathparser.code.tex
\pgfmath@dimen=\dimen192
\pgfmath@count=\count305
\pgfmath@box=\box57
\pgfmath@toks=\toks37
\pgfmath@stack@operand=\toks38
\pgfmath@stack@operation=\toks39
) (/usr/local/texlive/2024/texmf-dist/tex/generic/pgf/math/pgfmathfunctions.code.tex) (/usr/local/texlive/2024/texmf-dist/tex/generic/pgf/math/pgfmathfunctions.basic.code.tex) (/usr/local/texlive/2024/texmf-dist/tex/generic/pgf/math/pgfmathfunctions.trigonometric.code.tex) (/usr/local/texlive/2024/texmf-dist/tex/generic/pgf/math/pgfmathfunctions.random.code.tex) (/usr/local/texlive/2024/texmf-dist/tex/generic/pgf/math/pgfmathfunctions.comparison.code.tex) (/usr/local/texlive/2024/texmf-dist/tex/generic/pgf/math/pgfmathfunctions.base.code.tex) (/usr/local/texlive/2024/texmf-dist/tex/generic/pgf/math/pgfmathfunctions.round.code.tex) (/usr/local/texlive/2024/texmf-dist/tex/generic/pgf/math/pgfmathfunctions.misc.code.tex) (/usr/local/texlive/2024/texmf-dist/tex/generic/pgf/math/pgfmathfunctions.integerarithmetics.code.tex) (/usr/local/texlive/2024/texmf-dist/tex/generic/pgf/math/pgfmathcalc.code.tex) (/usr/local/texlive/2024/texmf-dist/tex/generic/pgf/math/pgfmathfloat.code.tex
\c@pgfmathroundto@lastzeros=\count306
)) (/usr/local/texlive/2024/texmf-dist/tex/generic/pgf/math/pgfint.code.tex) (/usr/local/texlive/2024/texmf-dist/tex/generic/pgf/basiclayer/pgfcorepoints.code.tex
File: pgfcorepoints.code.tex 2023-01-15 v3.1.10 (3.1.10)
\pgf@picminx=\dimen193
\pgf@picmaxx=\dimen194
\pgf@picminy=\dimen195
\pgf@picmaxy=\dimen196
\pgf@pathminx=\dimen197
\pgf@pathmaxx=\dimen198
\pgf@pathminy=\dimen199
\pgf@pathmaxy=\dimen256
\pgf@xx=\dimen257
\pgf@xy=\dimen258
\pgf@yx=\dimen259
\pgf@yy=\dimen260
\pgf@zx=\dimen261
\pgf@zy=\dimen262
) (/usr/local/texlive/2024/texmf-dist/tex/generic/pgf/basiclayer/pgfcorepathconstruct.code.tex
File: pgfcorepathconstruct.code.tex 2023-01-15 v3.1.10 (3.1.10)
\pgf@path@lastx=\dimen263
\pgf@path@lasty=\dimen264
) (/usr/local/texlive/2024/texmf-dist/tex/generic/pgf/basiclayer/pgfcorepathusage.code.tex
File: pgfcorepathusage.code.tex 2023-01-15 v3.1.10 (3.1.10)
\pgf@shorten@end@additional=\dimen265
\pgf@shorten@start@additional=\dimen266
)
(/usr/local/texlive/2024/texmf-dist/tex/generic/pgf/basiclayer/pgfcorescopes.code.tex
File: pgfcorescopes.code.tex 2023-01-15 v3.1.10 (3.1.10)
\pgfpic=\box58
\pgf@hbox=\box59
\pgf@layerbox@main=\box60
\pgf@picture@serial@count=\count307
) (/usr/local/texlive/2024/texmf-dist/tex/generic/pgf/basiclayer/pgfcoregraphicstate.code.tex
File: pgfcoregraphicstate.code.tex 2023-01-15 v3.1.10 (3.1.10)
\pgflinewidth=\dimen267
) (/usr/local/texlive/2024/texmf-dist/tex/generic/pgf/basiclayer/pgfcoretransformations.code.tex
File: pgfcoretransformations.code.tex 2023-01-15 v3.1.10 (3.1.10)
\pgf@pt@x=\dimen268
\pgf@pt@y=\dimen269
\pgf@pt@temp=\dimen270
) (/usr/local/texlive/2024/texmf-dist/tex/generic/pgf/basiclayer/pgfcorequick.code.tex
File: pgfcorequick.code.tex 2023-01-15 v3.1.10 (3.1.10)
) (/usr/local/texlive/2024/texmf-dist/tex/generic/pgf/basiclayer/pgfcoreobjects.code.tex
File: pgfcoreobjects.code.tex 2023-01-15 v3.1.10 (3.1.10)
) (/usr/local/texlive/2024/texmf-dist/tex/generic/pgf/basiclayer/pgfcorepathprocessing.code.tex
File: pgfcorepathprocessing.code.tex 2023-01-15 v3.1.10 (3.1.10)
) (/usr/local/texlive/2024/texmf-dist/tex/generic/pgf/basiclayer/pgfcorearrows.code.tex
File: pgfcorearrows.code.tex 2023-01-15 v3.1.10 (3.1.10)
\pgfarrowsep=\dimen271
) (/usr/local/texlive/2024/texmf-dist/tex/generic/pgf/basiclayer/pgfcoreshade.code.tex
File: pgfcoreshade.code.tex 2023-01-15 v3.1.10 (3.1.10)
\pgf@max=\dimen272
\pgf@sys@shading@range@num=\count308
\pgf@shadingcount=\count309
) (/usr/local/texlive/2024/texmf-dist/tex/generic/pgf/basiclayer/pgfcoreimage.code.tex
File: pgfcoreimage.code.tex 2023-01-15 v3.1.10 (3.1.10)
) (/usr/local/texlive/2024/texmf-dist/tex/generic/pgf/basiclayer/pgfcoreexternal.code.tex
File: pgfcoreexternal.code.tex 2023-01-15 v3.1.10 (3.1.10)
\pgfexternal@startupbox=\box61
) (/usr/local/texlive/2024/texmf-dist/tex/generic/pgf/basiclayer/pgfcorelayers.code.tex
File: pgfcorelayers.code.tex 2023-01-15 v3.1.10 (3.1.10)
) (/usr/local/texlive/2024/texmf-dist/tex/generic/pgf/basiclayer/pgfcoretransparency.code.tex
File: pgfcoretransparency.code.tex 2023-01-15 v3.1.10 (3.1.10)
) (/usr/local/texlive/2024/texmf-dist/tex/generic/pgf/basiclayer/pgfcorepatterns.code.tex
File: pgfcorepatterns.code.tex 2023-01-15 v3.1.10 (3.1.10)
) (/usr/local/texlive/2024/texmf-dist/tex/generic/pgf/basiclayer/pgfcorerdf.code.tex
File: pgfcorerdf.code.tex 2023-01-15 v3.1.10 (3.1.10)
))) (/usr/local/texlive/2024/texmf-dist/tex/generic/pgf/modules/pgfmoduleshapes.code.tex
File: pgfmoduleshapes.code.tex 2023-01-15 v3.1.10 (3.1.10)
\pgfnodeparttextbox=\box62
) (/usr/local/texlive/2024/texmf-dist/tex/generic/pgf/modules/pgfmoduleplot.code.tex
File: pgfmoduleplot.code.tex 2023-01-15 v3.1.10 (3.1.10)
) (/usr/local/texlive/2024/texmf-dist/tex/latex/pgf/compatibility/pgfcomp-version-0-65.sty
Package: pgfcomp-version-0-65 2023-01-15 v3.1.10 (3.1.10)
\pgf@nodesepstart=\dimen273
\pgf@nodesepend=\dimen274
) (/usr/local/texlive/2024/texmf-dist/tex/latex/pgf/compatibility/pgfcomp-version-1-18.sty
Package: pgfcomp-version-1-18 2023-01-15 v3.1.10 (3.1.10)
)) (/usr/local/texlive/2024/texmf-dist/tex/latex/tools/verbatim.sty
Package: verbatim 2023-11-06 v1.5v LaTeX2e package for verbatim enhancements
\every@verbatim=\toks40
\verbatim@line=\toks41
\verbatim@in@stream=\read4
) (/usr/local/texlive/2024/texmf-dist/tex/latex/environ/environ.sty
Package: environ 2014/05/04 v0.3 A new way to define environments
 (/usr/local/texlive/2024/texmf-dist/tex/latex/trimspaces/trimspaces.sty
Package: trimspaces 2009/09/17 v1.1 Trim spaces around a token list
))
\tcb@titlebox=\box63
\tcb@upperbox=\box64
\tcb@lowerbox=\box65
\tcb@phantombox=\box66
\c@tcbbreakpart=\count310
\c@tcblayer=\count311
\c@tcolorbox@number=\count312
\l__tcobox_tmpa_box=\box67
\l__tcobox_tmpa_dim=\dimen275
\tcb@temp=\box68
\tcb@temp=\box69
\tcb@temp=\box70
\tcb@temp=\box71
) (/usr/local/texlive/2024/texmf-dist/tex/latex/listings/listings.sty
\lst@mode=\count313
\lst@gtempboxa=\box72
\lst@token=\toks42
\lst@length=\count314
\lst@currlwidth=\dimen276
\lst@column=\count315
\lst@pos=\count316
\lst@lostspace=\dimen277
\lst@width=\dimen278
\lst@newlines=\count317
\lst@lineno=\count318
\lst@maxwidth=\dimen279
 (/usr/local/texlive/2024/texmf-dist/tex/latex/listings/lstpatch.sty
File: lstpatch.sty 2024/02/21 1.10 (Carsten Heinz)
)
(/usr/local/texlive/2024/texmf-dist/tex/latex/listings/lstmisc.sty
File: lstmisc.sty 2024/02/21 1.10 (Carsten Heinz)
\c@lstnumber=\count319
\lst@skipnumbers=\count320
\lst@framebox=\box73
) (/usr/local/texlive/2024/texmf-dist/tex/latex/listings/listings.cfg
File: listings.cfg 2024/02/21 1.10 listings configuration
))
Package: listings 2024/02/21 1.10 (Carsten Heinz)
 (/usr/local/texlive/2024/texmf-dist/tex/latex/fancyhdr/fancyhdr.sty
Package: fancyhdr 2022/11/09 v4.1 Extensive control of page headers and footers
\f@nch@headwidth=\skip54
\f@nch@O@elh=\skip55
\f@nch@O@erh=\skip56
\f@nch@O@olh=\skip57
\f@nch@O@orh=\skip58
\f@nch@O@elf=\skip59
\f@nch@O@erf=\skip60
\f@nch@O@olf=\skip61
\f@nch@O@orf=\skip62
) (/usr/local/texlive/2024/texmf-dist/tex/latex/l3backend/l3backend-pdftex.def
File: l3backend-pdftex.def 2024-02-20 L3 backend support: PDF output (pdfTeX)
\l__color_backend_stack_int=\count321
\l__pdf_internal_box=\box74
) (./informe.aux)
\openout1 = `informe.aux'.

LaTeX Font Info:    Checking defaults for OML/cmm/m/it on input line 40.
LaTeX Font Info:    ... okay on input line 40.
LaTeX Font Info:    Checking defaults for OMS/cmsy/m/n on input line 40.
LaTeX Font Info:    ... okay on input line 40.
LaTeX Font Info:    Checking defaults for OT1/cmr/m/n on input line 40.
LaTeX Font Info:    ... okay on input line 40.
LaTeX Font Info:    Checking defaults for T1/cmr/m/n on input line 40.
LaTeX Font Info:    ... okay on input line 40.
LaTeX Font Info:    Checking defaults for TS1/cmr/m/n on input line 40.
LaTeX Font Info:    ... okay on input line 40.
LaTeX Font Info:    Checking defaults for OMX/cmex/m/n on input line 40.
LaTeX Font Info:    ... okay on input line 40.
LaTeX Font Info:    Checking defaults for U/cmr/m/n on input line 40.
LaTeX Font Info:    ... okay on input line 40.
LaTeX Font Info:    Checking defaults for PD1/pdf/m/n on input line 40.
LaTeX Font Info:    ... okay on input line 40.
LaTeX Font Info:    Checking defaults for PU/pdf/m/n on input line 40.
LaTeX Font Info:    ... okay on input line 40.

*geometry* driver: auto-detecting
*geometry* detected driver: pdftex
*geometry* verbose mode - [ preamble ] result:
* driver: pdftex
* paper: <default>
* layout: <same size as paper>
* layoutoffset:(h,v)=(0.0pt,0.0pt)
* modes: includefoot 
* h-part:(L,W,R)=(108.405pt, 433.62001pt, 72.26999pt)
* v-part:(T,H,B)=(72.26999pt, 650.43001pt, 72.26999pt)
* \paperwidth=614.295pt
* \paperheight=794.96999pt
* \textwidth=433.62001pt
* \textheight=620.43001pt
* \oddsidemargin=36.13501pt
* \evensidemargin=36.13501pt
* \topmargin=-37.0pt
* \headheight=12.0pt
* \headsep=25.0pt
* \topskip=10.0pt
* \footskip=30.0pt
* \marginparwidth=65.0pt
* \marginparsep=11.0pt
* \columnsep=10.0pt
* \skip\footins=9.0pt plus 4.0pt minus 2.0pt
* \hoffset=0.0pt
* \voffset=0.0pt
* \mag=1000
* \@twocolumnfalse
* \@twosidefalse
* \@mparswitchfalse
* \@reversemarginfalse
* (1in=72.27pt=25.4mm, 1cm=28.453pt)

(/usr/local/texlive/2024/texmf-dist/tex/context/base/mkii/supp-pdf.mkii
[Loading MPS to PDF converter (version 2006.09.02).]
\scratchcounter=\count322
\scratchdimen=\dimen280
\scratchbox=\box75
\nofMPsegments=\count323
\nofMParguments=\count324
\everyMPshowfont=\toks43
\MPscratchCnt=\count325
\MPscratchDim=\dimen281
\MPnumerator=\count326
\makeMPintoPDFobject=\count327
\everyMPtoPDFconversion=\toks44
) (/usr/local/texlive/2024/texmf-dist/tex/latex/epstopdf-pkg/epstopdf-base.sty
Package: epstopdf-base 2020-01-24 v2.11 Base part for package epstopdf
Package epstopdf-base Info: Redefining graphics rule for `.eps' on input line 485.
 (/usr/local/texlive/2024/texmf-dist/tex/latex/latexconfig/epstopdf-sys.cfg
File: epstopdf-sys.cfg 2010/07/13 v1.3 Configuration of (r)epstopdf for TeX Live
))
Package hyperref Info: Link coloring OFF on input line 40.
 (./informe.out) (./informe.out)
\@outlinefile=\write4
\openout4 = `informe.out'.

\c@lstlisting=\count328
<portada.png, id=91, 1557.82pt x 666.49pt>
File: portada.png Graphic file (type png)
<use portada.png>
Package pdftex.def Info: portada.png  used on input line 51.
(pdftex.def)             Requested size: 303.53267pt x 129.85825pt.
 [1

{/usr/local/texlive/2024/texmf-var/fonts/map/pdftex/updmap/pdftex.map} <./portada.png>] (./informe.toc
LaTeX Font Info:    Trying to load font information for U+msa on input line 3.
 (/usr/local/texlive/2024/texmf-dist/tex/latex/amsfonts/umsa.fd
File: umsa.fd 2013/01/14 v3.01 AMS symbols A
)
LaTeX Font Info:    Trying to load font information for U+msb on input line 3.
 (/usr/local/texlive/2024/texmf-dist/tex/latex/amsfonts/umsb.fd
File: umsb.fd 2013/01/14 v3.01 AMS symbols B
))
\tf@toc=\write5
\openout5 = `informe.toc'.

 [2]
Underfull \hbox (badness 10000) in paragraph at lines 86--87

 []


Underfull \hbox (badness 10000) in paragraph at lines 88--89

 []

[3]
<rectangulo.png, id=139, 867.24pt x 361.35pt>
File: rectangulo.png Graphic file (type png)
<use rectangulo.png>
Package pdftex.def Info: rectangulo.png  used on input line 96.
(pdftex.def)             Requested size: 195.12767pt x 81.30023pt.
<cadrado.png, id=140, 867.24pt x 361.35pt>
File: cadrado.png Graphic file (type png)
<use cadrado.png>
Package pdftex.def Info: cadrado.png  used on input line 101.
(pdftex.def)             Requested size: 195.12767pt x 81.30023pt.
<aumentoDatosEx1.png, id=142, 866.23625pt x 557.08125pt>
File: aumentoDatosEx1.png Graphic file (type png)
<use aumentoDatosEx1.png>
Package pdftex.def Info: aumentoDatosEx1.png  used on input line 120.
(pdftex.def)             Requested size: 390.25536pt x 250.97325pt.


LaTeX Warning: `h' float specifier changed to `ht'.

[4
pdfTeX warning (ext4): destination with the same identifier (name{figure.1}) has been already used, duplicate ignored
<argument> ...shipout:D \box_use:N \l_shipout_box 
                                                  \__shipout_drop_firstpage_...
l.126 \item U
             n \textbf{MLP} (Perceptrón Multicapa ou \emph{Multi-layer Perc...{/usr/local/texlive/2024/texmf-dist/fonts/enc/dvips/cm-super/cm-super-ts1.enc} <./rectangulo.png> <./cadrado.png>]
LaTeX Font Info:    Trying to load font information for OMS+cmr on input line 126.
 (/usr/local/texlive/2024/texmf-dist/tex/latex/base/omscmr.fd
File: omscmr.fd 2023/04/13 v2.5m Standard LaTeX font definitions
)
LaTeX Font Info:    Font shape `OMS/cmr/m/n' in size <10> not available
(Font)              Font shape `OMS/cmsy/m/n' tried instead on input line 126.
 [5
pdfTeX warning (ext4): destination with the same identifier (name{figure.2}) has been already used, duplicate ignored
<argument> ...shipout:D \box_use:N \l_shipout_box 
                                                  \__shipout_drop_firstpage_...
l.135 	\item \textbf
                    {Capacidade do modelo.} Orixinalmente usamos a Efficient... <./aumentoDatosEx1.png>]
<cmEj1.png, id=163, 393.1488pt x 366.4089pt>
File: cmEj1.png Graphic file (type png)
<use cmEj1.png>
Package pdftex.def Info: cmEj1.png  used on input line 142.
(pdftex.def)             Requested size: 151.76964pt x 141.44525pt.

Underfull \hbox (badness 10000) in paragraph at lines 150--152

 []


Underfull \hbox (badness 10000) in paragraph at lines 150--152

 []

[6 <./cmEj1.png>]
<cmEj2.png, id=177, 550.055pt x 510.90875pt>
File: cmEj2.png Graphic file (type png)
<use cmEj2.png>
Package pdftex.def Info: cmEj2.png  used on input line 164.
(pdftex.def)             Requested size: 151.76964pt x 140.96419pt.
<docked.jpg, id=179, 770.88pt x 433.62pt>
File: docked.jpg Graphic file (type jpg)
<use docked.jpg>
Package pdftex.def Info: docked.jpg  used on input line 182.
(pdftex.def)             Requested size: 195.12767pt x 109.7545pt.
<undocked.jpg, id=180, 770.88pt x 433.62pt>
File: undocked.jpg Graphic file (type jpg)
<use undocked.jpg>
Package pdftex.def Info: undocked.jpg  used on input line 187.
(pdftex.def)             Requested size: 195.12767pt x 109.7545pt.
 [7
pdfTeX warning (ext4): destination with the same identifier (name{figure.3}) has been already used, duplicate ignored
<argument> ...shipout:D \box_use:N \l_shipout_box 
                                                  \__shipout_drop_firstpage_...
l.193 \newpage
               <./cmEj2.png> <./docked.jpg (PNG copy)> <./undocked.jpg (PNG copy)>]
Overfull \hbox (17.26968pt too wide) in paragraph at lines 199--206
[][] 
 []

[8]
<../figures/LOSS__A_False_P_False_D_False_MLP_True_efficientnet_b4.png, id=193, 867.24pt x 361.35pt>
File: ../figures/LOSS__A_False_P_False_D_False_MLP_True_efficientnet_b4.png Graphic file (type png)
<use ../figures/LOSS__A_False_P_False_D_False_MLP_True_efficientnet_b4.png>
Package pdftex.def Info: ../figures/LOSS__A_False_P_False_D_False_MLP_True_efficientnet_b4.png  used on input line 221.
(pdftex.def)             Requested size: 238.49232pt x 99.36879pt.
<../figures/CM__A_False_P_False_D_False_MLP_True_efficientnet_b4.png, id=194, 578.16pt x 433.62pt>
File: ../figures/CM__A_False_P_False_D_False_MLP_True_efficientnet_b4.png Graphic file (type png)
<use ../figures/CM__A_False_P_False_D_False_MLP_True_efficientnet_b4.png>
Package pdftex.def Info: ../figures/CM__A_False_P_False_D_False_MLP_True_efficientnet_b4.png  used on input line 225.
(pdftex.def)             Requested size: 130.08733pt x 97.56029pt.
<../figures/GRID__A_False_P_False_D_False_MLP_True_efficientnet_b4.png, id=195, 1156.32pt x 578.16pt>
File: ../figures/GRID__A_False_P_False_D_False_MLP_True_efficientnet_b4.png Graphic file (type png)
<use ../figures/GRID__A_False_P_False_D_False_MLP_True_efficientnet_b4.png>
Package pdftex.def Info: ../figures/GRID__A_False_P_False_D_False_MLP_True_efficientnet_b4.png  used on input line 229.
(pdftex.def)             Requested size: 303.53267pt x 151.76486pt.
<../figures/LOSS__A_False_P_True_D_False_MLP_True_efficientnet_b4.png, id=196, 867.24pt x 361.35pt>
File: ../figures/LOSS__A_False_P_True_D_False_MLP_True_efficientnet_b4.png Graphic file (type png)
<use ../figures/LOSS__A_False_P_True_D_False_MLP_True_efficientnet_b4.png>
Package pdftex.def Info: ../figures/LOSS__A_False_P_True_D_False_MLP_True_efficientnet_b4.png  used on input line 237.
(pdftex.def)             Requested size: 238.49232pt x 99.36879pt.
<../figures/CM__A_False_P_True_D_False_MLP_True_efficientnet_b4.png, id=197, 578.16pt x 433.62pt>
File: ../figures/CM__A_False_P_True_D_False_MLP_True_efficientnet_b4.png Graphic file (type png)
<use ../figures/CM__A_False_P_True_D_False_MLP_True_efficientnet_b4.png>
Package pdftex.def Info: ../figures/CM__A_False_P_True_D_False_MLP_True_efficientnet_b4.png  used on input line 241.
(pdftex.def)             Requested size: 130.08733pt x 97.56029pt.
<../figures/GRID__A_False_P_True_D_False_MLP_True_efficientnet_b4.png, id=198, 1156.32pt x 578.16pt>
File: ../figures/GRID__A_False_P_True_D_False_MLP_True_efficientnet_b4.png Graphic file (type png)
<use ../figures/GRID__A_False_P_True_D_False_MLP_True_efficientnet_b4.png>
Package pdftex.def Info: ../figures/GRID__A_False_P_True_D_False_MLP_True_efficientnet_b4.png  used on input line 245.
(pdftex.def)             Requested size: 303.53267pt x 151.76486pt.
<../figures/LOSS__A_True_P_False_D_False_MLP_True_efficientnet_b4.png, id=199, 867.24pt x 361.35pt>
File: ../figures/LOSS__A_True_P_False_D_False_MLP_True_efficientnet_b4.png Graphic file (type png)
<use ../figures/LOSS__A_True_P_False_D_False_MLP_True_efficientnet_b4.png>
Package pdftex.def Info: ../figures/LOSS__A_True_P_False_D_False_MLP_True_efficientnet_b4.png  used on input line 253.
(pdftex.def)             Requested size: 238.49232pt x 99.36879pt.
<../figures/CM__A_True_P_False_D_False_MLP_True_efficientnet_b4.png, id=200, 578.16pt x 433.62pt>
File: ../figures/CM__A_True_P_False_D_False_MLP_True_efficientnet_b4.png Graphic file (type png)
<use ../figures/CM__A_True_P_False_D_False_MLP_True_efficientnet_b4.png>
Package pdftex.def Info: ../figures/CM__A_True_P_False_D_False_MLP_True_efficientnet_b4.png  used on input line 257.
(pdftex.def)             Requested size: 130.08733pt x 97.56029pt.
<../figures/GRID__A_True_P_False_D_False_MLP_True_efficientnet_b4.png, id=201, 1156.32pt x 578.16pt>
File: ../figures/GRID__A_True_P_False_D_False_MLP_True_efficientnet_b4.png Graphic file (type png)
<use ../figures/GRID__A_True_P_False_D_False_MLP_True_efficientnet_b4.png>
Package pdftex.def Info: ../figures/GRID__A_True_P_False_D_False_MLP_True_efficientnet_b4.png  used on input line 261.
(pdftex.def)             Requested size: 303.53267pt x 151.76486pt.
 [9 <../figures/LOSS__A_False_P_False_D_False_MLP_True_efficientnet_b4.png> <../figures/CM__A_False_P_False_D_False_MLP_True_efficientnet_b4.png> <../figures/GRID__A_False_P_False_D_False_MLP_True_efficientnet_b4.png> <../figures/LOSS__A_False_P_True_D_False_MLP_True_efficientnet_b4.png> <../figures/CM__A_False_P_True_D_False_MLP_True_efficientnet_b4.png> <../figures/GRID__A_False_P_True_D_False_MLP_True_efficientnet_b4.png>]
<../figures/LOSS__A_True_P_True_D_False_MLP_True_efficientnet_b4.png, id=212, 867.24pt x 361.35pt>
File: ../figures/LOSS__A_True_P_True_D_False_MLP_True_efficientnet_b4.png Graphic file (type png)
<use ../figures/LOSS__A_True_P_True_D_False_MLP_True_efficientnet_b4.png>
Package pdftex.def Info: ../figures/LOSS__A_True_P_True_D_False_MLP_True_efficientnet_b4.png  used on input line 269.
(pdftex.def)             Requested size: 238.49232pt x 99.36879pt.
<../figures/CM__A_True_P_True_D_False_MLP_True_efficientnet_b4.png, id=213, 578.16pt x 433.62pt>
File: ../figures/CM__A_True_P_True_D_False_MLP_True_efficientnet_b4.png Graphic file (type png)
<use ../figures/CM__A_True_P_True_D_False_MLP_True_efficientnet_b4.png>
Package pdftex.def Info: ../figures/CM__A_True_P_True_D_False_MLP_True_efficientnet_b4.png  used on input line 273.
(pdftex.def)             Requested size: 130.08733pt x 97.56029pt.
<../figures/GRID__A_True_P_True_D_False_MLP_True_efficientnet_b4.png, id=214, 1156.32pt x 578.16pt>
File: ../figures/GRID__A_True_P_True_D_False_MLP_True_efficientnet_b4.png Graphic file (type png)
<use ../figures/GRID__A_True_P_True_D_False_MLP_True_efficientnet_b4.png>
Package pdftex.def Info: ../figures/GRID__A_True_P_True_D_False_MLP_True_efficientnet_b4.png  used on input line 277.
(pdftex.def)             Requested size: 303.53267pt x 151.76486pt.
<../figures/LOSS__A_False_P_False_D_True_MLP_True_efficientnet_b4.png, id=215, 867.24pt x 361.35pt>
File: ../figures/LOSS__A_False_P_False_D_True_MLP_True_efficientnet_b4.png Graphic file (type png)
<use ../figures/LOSS__A_False_P_False_D_True_MLP_True_efficientnet_b4.png>
Package pdftex.def Info: ../figures/LOSS__A_False_P_False_D_True_MLP_True_efficientnet_b4.png  used on input line 286.
(pdftex.def)             Requested size: 238.49232pt x 99.36879pt.
<../figures/CM__A_False_P_False_D_True_MLP_True_efficientnet_b4.png, id=216, 578.16pt x 433.62pt>
File: ../figures/CM__A_False_P_False_D_True_MLP_True_efficientnet_b4.png Graphic file (type png)
<use ../figures/CM__A_False_P_False_D_True_MLP_True_efficientnet_b4.png>
Package pdftex.def Info: ../figures/CM__A_False_P_False_D_True_MLP_True_efficientnet_b4.png  used on input line 290.
(pdftex.def)             Requested size: 130.08733pt x 97.56029pt.
<../figures/GRID__A_False_P_False_D_True_MLP_True_efficientnet_b4.png, id=217, 1156.32pt x 578.16pt>
File: ../figures/GRID__A_False_P_False_D_True_MLP_True_efficientnet_b4.png Graphic file (type png)
<use ../figures/GRID__A_False_P_False_D_True_MLP_True_efficientnet_b4.png>
Package pdftex.def Info: ../figures/GRID__A_False_P_False_D_True_MLP_True_efficientnet_b4.png  used on input line 294.
(pdftex.def)             Requested size: 303.53267pt x 151.76486pt.
 [10 <../figures/LOSS__A_True_P_False_D_False_MLP_True_efficientnet_b4.png> <../figures/CM__A_True_P_False_D_False_MLP_True_efficientnet_b4.png> <../figures/GRID__A_True_P_False_D_False_MLP_True_efficientnet_b4.png> <../figures/LOSS__A_True_P_True_D_False_MLP_True_efficientnet_b4.png> <../figures/CM__A_True_P_True_D_False_MLP_True_efficientnet_b4.png> <../figures/GRID__A_True_P_True_D_False_MLP_True_efficientnet_b4.png>]
<../figures/LOSS__A_False_P_True_D_True_MLP_True_efficientnet_b4.png, id=228, 867.24pt x 361.35pt>
File: ../figures/LOSS__A_False_P_True_D_True_MLP_True_efficientnet_b4.png Graphic file (type png)
<use ../figures/LOSS__A_False_P_True_D_True_MLP_True_efficientnet_b4.png>
Package pdftex.def Info: ../figures/LOSS__A_False_P_True_D_True_MLP_True_efficientnet_b4.png  used on input line 302.
(pdftex.def)             Requested size: 238.49232pt x 99.36879pt.
<../figures/CM__A_False_P_True_D_True_MLP_True_efficientnet_b4.png, id=229, 578.16pt x 433.62pt>
File: ../figures/CM__A_False_P_True_D_True_MLP_True_efficientnet_b4.png Graphic file (type png)
<use ../figures/CM__A_False_P_True_D_True_MLP_True_efficientnet_b4.png>
Package pdftex.def Info: ../figures/CM__A_False_P_True_D_True_MLP_True_efficientnet_b4.png  used on input line 306.
(pdftex.def)             Requested size: 130.08733pt x 97.56029pt.
<../figures/GRID__A_False_P_True_D_True_MLP_True_efficientnet_b4.png, id=230, 1156.32pt x 578.16pt>
File: ../figures/GRID__A_False_P_True_D_True_MLP_True_efficientnet_b4.png Graphic file (type png)
<use ../figures/GRID__A_False_P_True_D_True_MLP_True_efficientnet_b4.png>
Package pdftex.def Info: ../figures/GRID__A_False_P_True_D_True_MLP_True_efficientnet_b4.png  used on input line 310.
(pdftex.def)             Requested size: 303.53267pt x 151.76486pt.
<../figures/LOSS__A_True_P_False_D_True_MLP_True_efficientnet_b4.png, id=231, 867.24pt x 361.35pt>
File: ../figures/LOSS__A_True_P_False_D_True_MLP_True_efficientnet_b4.png Graphic file (type png)
<use ../figures/LOSS__A_True_P_False_D_True_MLP_True_efficientnet_b4.png>
Package pdftex.def Info: ../figures/LOSS__A_True_P_False_D_True_MLP_True_efficientnet_b4.png  used on input line 318.
(pdftex.def)             Requested size: 238.49232pt x 99.36879pt.
<../figures/CM__A_True_P_False_D_True_MLP_True_efficientnet_b4.png, id=232, 578.16pt x 433.62pt>
File: ../figures/CM__A_True_P_False_D_True_MLP_True_efficientnet_b4.png Graphic file (type png)
<use ../figures/CM__A_True_P_False_D_True_MLP_True_efficientnet_b4.png>
Package pdftex.def Info: ../figures/CM__A_True_P_False_D_True_MLP_True_efficientnet_b4.png  used on input line 322.
(pdftex.def)             Requested size: 130.08733pt x 97.56029pt.
<../figures/GRID__A_True_P_False_D_True_MLP_True_efficientnet_b4.png, id=233, 1156.32pt x 578.16pt>
File: ../figures/GRID__A_True_P_False_D_True_MLP_True_efficientnet_b4.png Graphic file (type png)
<use ../figures/GRID__A_True_P_False_D_True_MLP_True_efficientnet_b4.png>
Package pdftex.def Info: ../figures/GRID__A_True_P_False_D_True_MLP_True_efficientnet_b4.png  used on input line 326.
(pdftex.def)             Requested size: 303.53267pt x 151.76486pt.
 [11 <../figures/LOSS__A_False_P_False_D_True_MLP_True_efficientnet_b4.png> <../figures/CM__A_False_P_False_D_True_MLP_True_efficientnet_b4.png> <../figures/GRID__A_False_P_False_D_True_MLP_True_efficientnet_b4.png> <../figures/LOSS__A_False_P_True_D_True_MLP_True_efficientnet_b4.png> <../figures/CM__A_False_P_True_D_True_MLP_True_efficientnet_b4.png> <../figures/GRID__A_False_P_True_D_True_MLP_True_efficientnet_b4.png>]
<../figures/LOSS__A_True_P_True_D_True_MLP_True_efficientnet_b4.png, id=244, 867.24pt x 361.35pt>
File: ../figures/LOSS__A_True_P_True_D_True_MLP_True_efficientnet_b4.png Graphic file (type png)
<use ../figures/LOSS__A_True_P_True_D_True_MLP_True_efficientnet_b4.png>
Package pdftex.def Info: ../figures/LOSS__A_True_P_True_D_True_MLP_True_efficientnet_b4.png  used on input line 334.
(pdftex.def)             Requested size: 238.49232pt x 99.36879pt.
<../figures/CM__A_True_P_True_D_True_MLP_True_efficientnet_b4.png, id=245, 578.16pt x 433.62pt>
File: ../figures/CM__A_True_P_True_D_True_MLP_True_efficientnet_b4.png Graphic file (type png)
<use ../figures/CM__A_True_P_True_D_True_MLP_True_efficientnet_b4.png>
Package pdftex.def Info: ../figures/CM__A_True_P_True_D_True_MLP_True_efficientnet_b4.png  used on input line 338.
(pdftex.def)             Requested size: 130.08733pt x 97.56029pt.
<../figures/GRID__A_True_P_True_D_True_MLP_True_efficientnet_b4.png, id=246, 1156.32pt x 578.16pt>
File: ../figures/GRID__A_True_P_True_D_True_MLP_True_efficientnet_b4.png Graphic file (type png)
<use ../figures/GRID__A_True_P_True_D_True_MLP_True_efficientnet_b4.png>
Package pdftex.def Info: ../figures/GRID__A_True_P_True_D_True_MLP_True_efficientnet_b4.png  used on input line 342.
(pdftex.def)             Requested size: 303.53267pt x 151.76486pt.
 [12 <../figures/LOSS__A_True_P_False_D_True_MLP_True_efficientnet_b4.png> <../figures/CM__A_True_P_False_D_True_MLP_True_efficientnet_b4.png> <../figures/GRID__A_True_P_False_D_True_MLP_True_efficientnet_b4.png> <../figures/LOSS__A_True_P_True_D_True_MLP_True_efficientnet_b4.png> <../figures/CM__A_True_P_True_D_True_MLP_True_efficientnet_b4.png> <../figures/GRID__A_True_P_True_D_True_MLP_True_efficientnet_b4.png>]
LaTeX Font Info:    Trying to load font information for TS1+cmtt on input line 352.
 (/usr/local/texlive/2024/texmf-dist/tex/latex/base/ts1cmtt.fd
File: ts1cmtt.fd 2023/04/13 v2.5m Standard LaTeX font definitions
)
Underfull \hbox (badness 10000) in paragraph at lines 352--353
[]\TS1/cmtt/m/n/10 $ \OT1/cmtt/m/n/10 python main.py --load[]model --model[]path ex1params --test[]images imagen.jpg
 []


Underfull \hbox (badness 10000) in paragraph at lines 354--355
[]\TS1/cmtt/m/n/10 $ \OT1/cmtt/m/n/10 python main.py --load[]model --docked --model[]path ex2params --test[]images
 []

<ejecucion.png, id=257, 915.42pt x 586.19pt>
File: ejecucion.png Graphic file (type png)
<use ejecucion.png>
Package pdftex.def Info: ejecucion.png  used on input line 393.
(pdftex.def)             Requested size: 346.89732pt x 222.13734pt.
[13 <./ejecucion.png>] (./informe.bbl) [14] (./informe.aux)
 ***********
LaTeX2e <2023-11-01> patch level 1
L3 programming layer <2024-02-20>
 ***********
Package rerunfilecheck Info: File `informe.out' has not changed.
(rerunfilecheck)             Checksum: 565FE48820684937A96C2C5EA118CAF4;4275.
 ) 
Here is how much of TeX's memory you used:
 23466 strings out of 474116
 436894 string characters out of 5743682
 1942187 words of memory out of 5000000
 45412 multiletter control sequences out of 15000+600000
 567157 words of font info for 70 fonts, out of 8000000 for 9000
 1141 hyphenation exceptions out of 8191
 83i,12n,93p,1039b,578s stack positions out of 10000i,1000n,20000p,200000b,200000s
</usr/local/texlive/2024/texmf-dist/fonts/type1/public/amsfonts/cm/cmbx10.pfb></usr/local/texlive/2024/texmf-dist/fonts/type1/public/amsfonts/cm/cmbx12.pfb></usr/local/texlive/2024/texmf-dist/fonts/type1/public/amsfonts/cm/cmbx9.pfb></usr/local/texlive/2024/texmf-dist/fonts/type1/public/amsfonts/cm/cmbxti10.pfb></usr/local/texlive/2024/texmf-dist/fonts/type1/public/amsfonts/cm/cmmi10.pfb></usr/local/texlive/2024/texmf-dist/fonts/type1/public/amsfonts/cm/cmr10.pfb></usr/local/texlive/2024/texmf-dist/fonts/type1/public/amsfonts/cm/cmr6.pfb></usr/local/texlive/2024/texmf-dist/fonts/type1/public/amsfonts/cm/cmr7.pfb></usr/local/texlive/2024/texmf-dist/fonts/type1/public/amsfonts/cm/cmr8.pfb></usr/local/texlive/2024/texmf-dist/fonts/type1/public/amsfonts/cm/cmsy10.pfb></usr/local/texlive/2024/texmf-dist/fonts/type1/public/amsfonts/cm/cmsy7.pfb></usr/local/texlive/2024/texmf-dist/fonts/type1/public/amsfonts/cm/cmti10.pfb></usr/local/texlive/2024/texmf-dist/fonts/type1/public/amsfonts/cm/cmti8.pfb></usr/local/texlive/2024/texmf-dist/fonts/type1/public/amsfonts/cm/cmtt10.pfb></usr/local/texlive/2024/texmf-dist/fonts/type1/public/cm-super/sfrm1000.pfb></usr/local/texlive/2024/texmf-dist/fonts/type1/public/cm-super/sftt1000.pfb>
Output written on informe.pdf (14 pages, 19537705 bytes).
PDF statistics:
 352 PDF objects out of 1000 (max. 8388607)
 237 compressed objects within 3 object streams
 46 named destinations out of 1000 (max. 500000)
 346 words of extra memory for PDF output out of 10000 (max. 10000000)

