\BOOKMARK [1][-]{section.1}{\376\377\000I\000n\000t\000r\000o\000d\000u\000c\000i\000\363\000n}{}% 1
\BOOKMARK [2][-]{subsection.1.1}{\376\377\000O\000\040\000p\000r\000o\000b\000l\000e\000m\000a}{section.1}% 2
\BOOKMARK [2][-]{subsection.1.2}{\376\377\000O\000\040\000n\000o\000s\000o\000\040\000m\000o\000d\000u\000s\000\040\000o\000p\000e\000r\000a\000n\000d\000i}{section.1}% 3
\BOOKMARK [1][-]{section.2}{\376\377\000C\000l\000a\000s\000i\000f\000i\000c\000a\000c\000i\000\363\000n\000\040\000S\000h\000i\000p\000/\000N\000o\000-\000s\000h\000i\000p}{}% 4
\BOOKMARK [2][-]{subsection.2.1}{\376\377\000M\000o\000d\000e\000l\000o\000\040\000b\000a\000s\000e}{section.2}% 5
\BOOKMARK [2][-]{subsection.2.2}{\376\377\000A\000d\000e\000s\000t\000r\000a\000m\000e\000n\000t\000o\000\040\000e\000\040\000e\000v\000a\000l\000u\000a\000c\000i\000\363\000n}{section.2}% 6
\BOOKMARK [1][-]{section.3}{\376\377\000C\000l\000a\000s\000i\000f\000i\000c\000a\000c\000i\000\363\000n\000\040\000D\000o\000c\000k\000e\000d\000/\000U\000n\000d\000o\000c\000k\000e\000d}{}% 7
\BOOKMARK [1][-]{section.4}{\376\377\000E\000v\000a\000l\000u\000a\000c\000i\000\363\000n\000\040\000d\000o\000s\000\040\000m\000o\000d\000e\000l\000o\000s}{}% 8
\BOOKMARK [1][-]{section.5}{\376\377\000C\000o\000n\000c\000l\000u\000s\000i\000\363\000n}{}% 9
\BOOKMARK [1][-]{section.6}{\376\377\000A\000p\000\351\000n\000d\000i\000c\000e\000\040\000A\000:\000\040\000f\000i\000g\000u\000r\000a\000s}{}% 10
\BOOKMARK [2][-]{subsection.6.1}{\376\377\000P\000r\000i\000m\000e\000i\000r\000o\000\040\000e\000x\000e\000r\000c\000i\000c\000i\000o}{section.6}% 11
\BOOKMARK [3][-]{subsubsection.6.1.1}{\376\377\000S\000e\000n\000\040\000A\000u\000m\000e\000n\000t\000o\000\040\000d\000e\000\040\000d\000a\000t\000o\000s\000\040\000e\000\040\000s\000e\000n\000\040\000P\000r\000e\000e\000n\000t\000r\000e\000n\000a\000d\000o}{subsection.6.1}% 12
\BOOKMARK [3][-]{subsubsection.6.1.2}{\376\377\000S\000e\000n\000\040\000A\000u\000m\000e\000n\000t\000o\000\040\000d\000e\000\040\000d\000a\000t\000o\000s\000\040\000e\000\040\000c\000o\000n\000\040\000P\000r\000e\000e\000n\000t\000r\000e\000n\000a\000d\000o}{subsection.6.1}% 13
\BOOKMARK [3][-]{subsubsection.6.1.3}{\376\377\000C\000o\000n\000\040\000A\000u\000m\000e\000n\000t\000o\000\040\000d\000e\000\040\000d\000a\000t\000o\000s\000\040\000e\000\040\000s\000e\000n\000\040\000P\000r\000e\000e\000n\000t\000r\000e\000n\000a\000d\000o}{subsection.6.1}% 14
\BOOKMARK [3][-]{subsubsection.6.1.4}{\376\377\000C\000o\000n\000\040\000A\000u\000m\000e\000n\000t\000o\000\040\000d\000e\000\040\000d\000a\000t\000o\000s\000\040\000e\000\040\000c\000o\000n\000\040\000P\000r\000e\000e\000n\000t\000r\000e\000n\000a\000d\000o}{subsection.6.1}% 15
\BOOKMARK [2][-]{subsection.6.2}{\376\377\000S\000e\000g\000u\000n\000d\000o\000\040\000e\000x\000e\000r\000c\000i\000c\000i\000o}{section.6}% 16
\BOOKMARK [3][-]{subsubsection.6.2.1}{\376\377\000S\000e\000n\000\040\000A\000u\000m\000e\000n\000t\000o\000\040\000d\000e\000\040\000d\000a\000t\000o\000s\000\040\000e\000\040\000s\000e\000n\000\040\000P\000r\000e\000e\000n\000t\000r\000e\000n\000a\000d\000o}{subsection.6.2}% 17
\BOOKMARK [3][-]{subsubsection.6.2.2}{\376\377\000S\000e\000n\000\040\000A\000u\000m\000e\000n\000t\000o\000\040\000d\000e\000\040\000d\000a\000t\000o\000s\000\040\000e\000\040\000c\000o\000n\000\040\000P\000r\000e\000e\000n\000t\000r\000e\000n\000a\000d\000o}{subsection.6.2}% 18
\BOOKMARK [3][-]{subsubsection.6.2.3}{\376\377\000C\000o\000n\000\040\000A\000u\000m\000e\000n\000t\000o\000\040\000d\000e\000\040\000d\000a\000t\000o\000s\000\040\000e\000\040\000s\000e\000n\000\040\000P\000r\000e\000e\000n\000t\000r\000e\000n\000a\000d\000o}{subsection.6.2}% 19
\BOOKMARK [3][-]{subsubsection.6.2.4}{\376\377\000C\000o\000n\000\040\000A\000u\000m\000e\000n\000t\000o\000\040\000d\000e\000\040\000d\000a\000t\000o\000s\000\040\000e\000\040\000c\000o\000n\000\040\000P\000r\000e\000e\000n\000t\000r\000e\000n\000a\000d\000o}{subsection.6.2}% 20
\BOOKMARK [1][-]{section.7}{\376\377\000A\000p\000\351\000n\000d\000i\000c\000e\000\040\000B\000:\000\040\000c\000o\000m\000o\000\040\000e\000x\000e\000c\000u\000t\000a\000r\000\040\000o\000\040\000n\000o\000s\000o\000\040\000c\000\363\000d\000i\000g\000o}{}% 21
